[    0.000000] Initializing cgroup subsys cpuset
[    0.000000] Initializing cgroup subsys cpu
[    0.000000] Initializing cgroup subsys cpuacct
[    0.000000] Linux version 4.4.0-210-generic (buildd@lgw01-amd64-009) (gcc version 5.4.0 20160609 (Ubuntu 5.4.0-6ubuntu1~16.04.12) ) #242-Ubuntu SMP Fri Apr 16 09:57:56 UTC 2021 (Ubuntu 4.4.0-210.242-generic 4.4.262)
[    0.000000] Command line: BOOT_IMAGE=/boot/vmlinuz-4.4.0-210-generic root=LABEL=cloudimg-rootfs ro console=tty1 console=ttyS0
[    0.000000] KERNEL supported cpus:
[    0.000000]   Intel GenuineIntel
[    0.000000]   AMD AuthenticAMD
[    0.000000]   Centaur CentaurHauls
[    0.000000] x86/fpu: xstate_offset[2]:  576, xstate_sizes[2]:  256
[    0.000000] x86/fpu: Supporting XSAVE feature 0x01: 'x87 floating point registers'
[    0.000000] x86/fpu: Supporting XSAVE feature 0x02: 'SSE registers'
[    0.000000] x86/fpu: Supporting XSAVE feature 0x04: 'AVX registers'
[    0.000000] x86/fpu: Enabled xstate features 0x7, context size is 832 bytes, using 'standard' format.
[    0.000000] e820: BIOS-provided physical RAM map:
[    0.000000] BIOS-e820: [mem 0x0000000000000000-0x000000000009fbff] usable
[    0.000000] BIOS-e820: [mem 0x000000000009fc00-0x000000000009ffff] reserved
[    0.000000] BIOS-e820: [mem 0x00000000000f0000-0x00000000000fffff] reserved
[    0.000000] BIOS-e820: [mem 0x0000000000100000-0x000000003ffeffff] usable
[    0.000000] BIOS-e820: [mem 0x000000003fff0000-0x000000003fffffff] ACPI data
[    0.000000] BIOS-e820: [mem 0x00000000fec00000-0x00000000fec00fff] reserved
[    0.000000] BIOS-e820: [mem 0x00000000fee00000-0x00000000fee00fff] reserved
[    0.000000] BIOS-e820: [mem 0x00000000fffc0000-0x00000000ffffffff] reserved
[    0.000000] NX (Execute Disable) protection: active
[    0.000000] SMBIOS 2.5 present.
[    0.000000] Hypervisor detected: KVM
[    0.000000] e820: last_pfn = 0x3fff0 max_arch_pfn = 0x400000000
[    0.000000] MTRR: Disabled
[    0.000000] x86/PAT: MTRRs disabled, skipping PAT initialization too.
[    0.000000] CPU MTRRs all blank - virtualized system.
[    0.000000] x86/PAT: Configuration [0-7]: WB  WT  UC- UC  WB  WT  UC- UC  
[    0.000000] found SMP MP-table at [mem 0x0009fff0-0x0009ffff] mapped at [ffff88000009fff0]
[    0.000000] Scanning 1 areas for low memory corruption
[    0.000000] RAMDISK: [mem 0x362dc000-0x37165fff]
[    0.000000] ACPI: Early table checksum verification disabled
[    0.000000] ACPI: RSDP 0x00000000000E0000 000024 (v02 VBOX  )
[    0.000000] ACPI: XSDT 0x000000003FFF0030 00003C (v01 VBOX   VBOXXSDT 00000001 ASL  00000061)
[    0.000000] ACPI: FACP 0x000000003FFF00F0 0000F4 (v04 VBOX   VBOXFACP 00000001 ASL  00000061)
[    0.000000] ACPI: DSDT 0x000000003FFF0470 0022EA (v02 VBOX   VBOXBIOS 00000002 INTL 20100528)
[    0.000000] ACPI: FACS 0x000000003FFF0200 000040
[    0.000000] ACPI: FACS 0x000000003FFF0200 000040
[    0.000000] ACPI: APIC 0x000000003FFF0240 00005C (v02 VBOX   VBOXAPIC 00000001 ASL  00000061)
[    0.000000] ACPI: SSDT 0x000000003FFF02A0 0001CC (v01 VBOX   VBOXCPUT 00000002 INTL 20100528)
[    0.000000] No NUMA configuration found
[    0.000000] Faking a node at [mem 0x0000000000000000-0x000000003ffeffff]
[    0.000000] NODE_DATA(0) allocated [mem 0x3ffeb000-0x3ffeffff]
[    0.000000] kvm-clock: Using msrs 4b564d01 and 4b564d00
[    0.000000] kvm-clock: cpu 0, msr 0:3ffe3001, primary cpu clock
[    0.000000] kvm-clock: using sched offset of 5591685458 cycles
[    0.000000] clocksource: kvm-clock: mask: 0xffffffffffffffff max_cycles: 0x1cd42e4dffb, max_idle_ns: 881590591483 ns
[    0.000000] Zone ranges:
[    0.000000]   DMA      [mem 0x0000000000001000-0x0000000000ffffff]
[    0.000000]   DMA32    [mem 0x0000000001000000-0x000000003ffeffff]
[    0.000000]   Normal   empty
[    0.000000]   Device   empty
[    0.000000] Movable zone start for each node
[    0.000000] Early memory node ranges
[    0.000000]   node   0: [mem 0x0000000000001000-0x000000000009efff]
[    0.000000]   node   0: [mem 0x0000000000100000-0x000000003ffeffff]
[    0.000000] Initmem setup node 0 [mem 0x0000000000001000-0x000000003ffeffff]
[    0.000000] ACPI: PM-Timer IO Port: 0x4008
[    0.000000] IOAPIC[0]: apic_id 2, version 32, address 0xfec00000, GSI 0-23
[    0.000000] ACPI: INT_SRC_OVR (bus 0 bus_irq 0 global_irq 2 dfl dfl)
[    0.000000] ACPI: INT_SRC_OVR (bus 0 bus_irq 9 global_irq 9 low level)
[    0.000000] Using ACPI (MADT) for SMP configuration information
[    0.000000] smpboot: Allowing 2 CPUs, 0 hotplug CPUs
[    0.000000] PM: Registered nosave memory: [mem 0x00000000-0x00000fff]
[    0.000000] PM: Registered nosave memory: [mem 0x0009f000-0x0009ffff]
[    0.000000] PM: Registered nosave memory: [mem 0x000a0000-0x000effff]
[    0.000000] PM: Registered nosave memory: [mem 0x000f0000-0x000fffff]
[    0.000000] e820: [mem 0x40000000-0xfebfffff] available for PCI devices
[    0.000000] Booting paravirtualized kernel on KVM
[    0.000000] clocksource: refined-jiffies: mask: 0xffffffff max_cycles: 0xffffffff, max_idle_ns: 7645519600211568 ns
[    0.000000] setup_percpu: NR_CPUS:512 nr_cpumask_bits:512 nr_cpu_ids:2 nr_node_ids:1
[    0.000000] PERCPU: Embedded 33 pages/cpu @ffff88003fc00000 s95192 r8192 d31784 u1048576
[    0.000000] Built 1 zonelists in Node order, mobility grouping on.  Total pages: 257912
[    0.000000] Policy zone: DMA32
[    0.000000] Kernel command line: BOOT_IMAGE=/boot/vmlinuz-4.4.0-210-generic root=LABEL=cloudimg-rootfs ro console=tty1 console=ttyS0
[    0.000000] PID hash table entries: 4096 (order: 3, 32768 bytes)
[    0.000000] Memory: 997792K/1048120K available (8644K kernel code, 1332K rwdata, 4044K rodata, 1492K init, 1164K bss, 50328K reserved, 0K cma-reserved)
[    0.000000] SLUB: HWalign=64, Order=0-3, MinObjects=0, CPUs=2, Nodes=1
[    0.000000] Kernel/User page tables isolation: enabled
[    0.000000] Hierarchical RCU implementation.
[    0.000000] 	Build-time adjustment of leaf fanout to 64.
[    0.000000] 	RCU restricting CPUs from NR_CPUS=512 to nr_cpu_ids=2.
[    0.000000] RCU: Adjusting geometry for rcu_fanout_leaf=64, nr_cpu_ids=2
[    0.000000] NR_IRQS:33024 nr_irqs:440 16
[    0.000000] Console: colour VGA+ 80x25
[    0.000000] console [tty1] enabled
[    0.000000] console [ttyS0] enabled
[    0.000000] tsc: Detected 1799.999 MHz processor
[    0.457387] Calibrating delay loop (skipped) preset value.. 3599.99 BogoMIPS (lpj=7199996)
[    0.460602] pid_max: default: 32768 minimum: 301
[    0.463809] ACPI: Core revision 20150930
[    0.467806] ACPI: 2 ACPI AML tables successfully acquired and loaded
[    0.471959] Security Framework initialized
[    0.474276] Yama: becoming mindful.
[    0.476715] AppArmor: AppArmor initialized
[    0.479391] Dentry cache hash table entries: 131072 (order: 8, 1048576 bytes)
[    0.485609] Inode-cache hash table entries: 65536 (order: 7, 524288 bytes)
[    0.489326] Mount-cache hash table entries: 2048 (order: 2, 16384 bytes)
[    0.493479] Mountpoint-cache hash table entries: 2048 (order: 2, 16384 bytes)
[    0.496910] Initializing cgroup subsys io
[    0.499609] Initializing cgroup subsys memory
[    0.502239] Initializing cgroup subsys devices
[    0.504192] Initializing cgroup subsys freezer
[    0.506598] Initializing cgroup subsys net_cls
[    0.508556] Initializing cgroup subsys perf_event
[    0.510982] Initializing cgroup subsys net_prio
[    0.513878] Initializing cgroup subsys hugetlb
[    0.515786] Initializing cgroup subsys pids
[    0.531180] mce: CPU supports 0 MCE banks
[    0.535270] Last level iTLB entries: 4KB 64, 2MB 8, 4MB 8
[    0.543875] Last level dTLB entries: 4KB 64, 2MB 0, 4MB 0, 1GB 4
[    0.546921] Spectre V1 : Mitigation: usercopy/swapgs barriers and __user pointer sanitization
[    0.553201] Spectre V2 : Mitigation: Full generic retpoline
[    0.557384] Spectre V2 : Spectre v2 / SpectreRSB mitigation: Filling RSB on context switch
[    0.561293] Speculative Store Bypass: Vulnerable
[    0.563076] SRBDS: Unknown: Dependent on hypervisor status
[    0.565297] MDS: Mitigation: Clear CPU buffers
[    0.570003] Freeing SMP alternatives memory: 36K
[    0.578757] ftrace: allocating 32380 entries in 127 pages
[    0.646855] smpboot: APIC(0) Converting physical 0 to logical package 0
[    0.649269] smpboot: Max logical packages: 1
[    0.650940] x2apic enabled
[    0.652485] Switched APIC routing to physical x2apic.
[    0.655889] ..TIMER: vector=0x30 apic1=0 pin1=2 apic2=-1 pin2=-1
[    0.766018] smpboot: CPU0: Intel(R) Core(TM) i5-5350U CPU @ 1.80GHz (family: 0x6, model: 0x3d, stepping: 0x4)
[    0.770167] Performance Events: unsupported p6 CPU model 61 no PMU driver, software events only.
[    0.786341] KVM setup paravirtual spinlock
[    0.789114] x86: Booting SMP configuration:
[    0.791039] .... node  #0, CPUs:      #1
[    0.793316] kvm-clock: cpu 1, msr 0:3ffe3041, secondary cpu clock
[    0.803013] mce: CPU supports 0 MCE banks
[    0.806494] x86: Booted up 1 node, 2 CPUs
[    0.808456] smpboot: Total of 2 processors activated (7199.99 BogoMIPS)
[    0.811705] devtmpfs: initialized
[    0.814636] evm: security.selinux
[    0.815822] evm: security.SMACK64
[    0.816980] evm: security.SMACK64EXEC
[    0.818521] evm: security.SMACK64TRANSMUTE
[    0.820066] evm: security.SMACK64MMAP
[    0.821358] evm: security.ima
[    0.822898] evm: security.capability
[    0.824641] clocksource: jiffies: mask: 0xffffffff max_cycles: 0xffffffff, max_idle_ns: 7645041785100000 ns
[    0.829124] futex hash table entries: 512 (order: 3, 32768 bytes)
[    0.836057] pinctrl core: initialized pinctrl subsystem
[    0.838672] RTC time: 14:57:54, date: 05/31/22
[    0.842837] NET: Registered protocol family 16
[    0.854588] cpuidle: using governor ladder
[    0.866611] cpuidle: using governor menu
[    0.869077] PCCT header not found.
[    0.871082] ACPI: bus type PCI registered
[    0.872578] acpiphp: ACPI Hot Plug PCI Controller Driver version: 0.5
[    0.875189] PCI: Using configuration type 1 for base access
[    0.891044] ACPI: Added _OSI(Module Device)
[    0.893750] ACPI: Added _OSI(Processor Device)
[    0.896070] ACPI: Added _OSI(3.0 _SCP Extensions)
[    0.898193] ACPI: Added _OSI(Processor Aggregator Device)
[    0.901192] ACPI: Executed 1 blocks of module-level executable AML code
[    0.906273] ACPI: Interpreter enabled
[    0.907844] ACPI: (supports S0 S5)
[    0.909418] ACPI: Using IOAPIC for interrupt routing
[    0.911702] PCI: Using host bridge windows from ACPI; if necessary, use "pci=nocrs" and report a bug
[    0.920455] ACPI: PCI Root Bridge [PCI0] (domain 0000 [bus 00-ff])
[    0.923439] acpi PNP0A03:00: _OSC: OS supports [ASPM ClockPM Segments MSI]
[    0.925930] acpi PNP0A03:00: _OSC: not requesting OS control; OS requires [ExtendedConfig ASPM ClockPM MSI]
[    0.929724] acpi PNP0A03:00: fail to add MMCONFIG information, can't access extended PCI configuration space under this bridge.
[    0.934895] PCI host bridge to bus 0000:00
[    0.936657] pci_bus 0000:00: root bus resource [io  0x0000-0x0cf7 window]
[    0.939242] pci_bus 0000:00: root bus resource [io  0x0d00-0xffff window]
[    0.941557] pci_bus 0000:00: root bus resource [mem 0x000a0000-0x000bffff window]
[    0.944830] pci_bus 0000:00: root bus resource [mem 0x40000000-0xfdffffff window]
[    0.948029] pci_bus 0000:00: root bus resource [bus 00-ff]
[    0.955914] pci 0000:00:01.1: legacy IDE quirk: reg 0x10: [io  0x01f0-0x01f7]
[    0.958679] pci 0000:00:01.1: legacy IDE quirk: reg 0x14: [io  0x03f6]
[    0.960921] pci 0000:00:01.1: legacy IDE quirk: reg 0x18: [io  0x0170-0x0177]
[    0.973867] pci 0000:00:01.1: legacy IDE quirk: reg 0x1c: [io  0x0376]
[    1.002182] pci 0000:00:07.0: quirk: [io  0x4000-0x403f] claimed by PIIX4 ACPI
[    1.005169] pci 0000:00:07.0: quirk: [io  0x4100-0x410f] claimed by PIIX4 SMB
[    1.024313] ACPI: PCI Interrupt Link [LNKA] (IRQs 5 9 10 *11)
[    1.027439] ACPI: PCI Interrupt Link [LNKB] (IRQs 5 9 *10 11)
[    1.030942] ACPI: PCI Interrupt Link [LNKC] (IRQs 5 *9 10 11)
[    1.036008] ACPI: PCI Interrupt Link [LNKD] (IRQs 5 9 10 *11)
[    1.039261] ACPI: Enabled 2 GPEs in block 00 to 07
[    1.041731] vgaarb: setting as boot device: PCI:0000:00:02.0
[    1.043924] vgaarb: device added: PCI:0000:00:02.0,decodes=io+mem,owns=io+mem,locks=none
[    1.046962] vgaarb: loaded
[    1.048226] vgaarb: bridge control possible 0000:00:02.0
[    1.050638] SCSI subsystem initialized
[    1.052437] ACPI: bus type USB registered
[    1.054456] usbcore: registered new interface driver usbfs
[    1.056662] usbcore: registered new interface driver hub
[    1.058893] usbcore: registered new device driver usb
[    1.062928] PCI: Using ACPI for IRQ routing
[    1.064846] NetLabel: Initializing
[    1.066520] NetLabel:  domain hash size = 128
[    1.068259] NetLabel:  protocols = UNLABELED CIPSOv4
[    1.070378] NetLabel:  unlabeled traffic allowed by default
[    1.073063] amd_nb: Cannot enumerate AMD northbridges
[    1.075133] clocksource: Switched to clocksource kvm-clock
[    1.086240] AppArmor: AppArmor Filesystem Enabled
[    1.088293] pnp: PnP ACPI init
[    1.091108] pnp: PnP ACPI: found 3 devices
[    1.104129] clocksource: acpi_pm: mask: 0xffffff max_cycles: 0xffffff, max_idle_ns: 2085701024 ns
[    1.107417] NET: Registered protocol family 2
[    1.109193] TCP established hash table entries: 8192 (order: 4, 65536 bytes)
[    1.111817] TCP bind hash table entries: 8192 (order: 5, 131072 bytes)
[    1.114119] TCP: Hash tables configured (established 8192 bind 8192)
[    1.116183] UDP hash table entries: 512 (order: 2, 16384 bytes)
[    1.118075] UDP-Lite hash table entries: 512 (order: 2, 16384 bytes)
[    1.120475] NET: Registered protocol family 1
[    1.122289] pci 0000:00:00.0: Limiting direct PCI/PCI transfers
[    1.124300] pci 0000:00:01.0: Activating ISA DMA hang workarounds
[    1.126473] Unpacking initramfs...
[    1.424007] Freeing initrd memory: 14888K
[    1.425860] RAPL PMU detected, API unit is 2^-32 Joules, 4 fixed counters 10737418240 ms ovfl timer
[    1.429056] hw unit of domain pp0-core 2^-0 Joules
[    1.430704] hw unit of domain package 2^-0 Joules
[    1.432512] hw unit of domain dram 2^-0 Joules
[    1.433982] hw unit of domain pp1-gpu 2^-0 Joules
[    1.435735] clocksource: tsc: mask: 0xffffffffffffffff max_cycles: 0x19f228ab7a2, max_idle_ns: 440795289252 ns
[    1.439517] platform rtc_cmos: registered platform RTC device (no PNP device found)
[    1.442492] Scanning for low memory corruption every 60 seconds
[    1.445141] audit: initializing netlink subsys (disabled)
[    1.446937] audit: type=2000 audit(1654009081.320:1): initialized
[    1.449339] Initialise system trusted keyring
[    1.451504] HugeTLB registered 2 MB page size, pre-allocated 0 pages
[    1.455105] zbud: loaded
[    1.456561] VFS: Disk quotas dquot_6.6.0
[    1.457953] VFS: Dquot-cache hash table entries: 512 (order 0, 4096 bytes)
[    1.460448] squashfs: version 4.0 (2009/01/31) Phillip Lougher
[    1.462877] fuse init (API version 7.23)
[    1.464574] Key type big_key registered
[    1.466173] Allocating IMA MOK and blacklist keyrings.
[    1.469816] Key type asymmetric registered
[    1.471966] Asymmetric key parser 'x509' registered
[    1.474562] Block layer SCSI generic (bsg) driver version 0.4 loaded (major 249)
[    1.477519] io scheduler noop registered
[    1.479231] io scheduler deadline registered (default)
[    1.481299] io scheduler cfq registered
[    1.482705] pci_hotplug: PCI Hot Plug PCI Core version: 0.5
[    1.484657] pciehp: PCI Express Hot Plug Controller Driver version: 0.4
[    1.488523] ACPI: AC Adapter [AC] (off-line)
[    1.490326] input: Power Button as /devices/LNXSYSTM:00/LNXPWRBN:00/input/input0
[    1.493574] ACPI: Power Button [PWRF]
[    1.495281] input: Sleep Button as /devices/LNXSYSTM:00/LNXSLPBN:00/input/input1
[    1.497834] ACPI: Sleep Button [SLPF]
[    1.500817] ACPI: Battery Slot [BAT0] (battery present)
[    1.502989] GHES: HEST is not enabled!
[    1.505167] Serial: 8250/16550 driver, 32 ports, IRQ sharing enabled
[    1.528077] 00:02: ttyS0 at I/O 0x3f8 (irq = 4, base_baud = 115200) is a 16550A
[    1.532256] Linux agpgart interface v0.103
[    1.537036] loop: module loaded
[    1.539114] scsi host0: ata_piix
[    1.540592] scsi host1: ata_piix
[    1.541946] ata1: PATA max UDMA/33 cmd 0x1f0 ctl 0x3f6 bmdma 0xd000 irq 14
[    1.544517] ata2: PATA max UDMA/33 cmd 0x170 ctl 0x376 bmdma 0xd008 irq 15
[    1.546787] libphy: Fixed MDIO Bus: probed
[    1.548396] tun: Universal TUN/TAP device driver, 1.6
[    1.550181] tun: (C) 1999-2004 Max Krasnyansky <maxk@qualcomm.com>
[    1.552317] PPP generic driver version 2.4.2
[    1.553905] ehci_hcd: USB 2.0 'Enhanced' Host Controller (EHCI) Driver
[    1.556319] ehci-pci: EHCI PCI platform driver
[    1.557993] ehci-platform: EHCI generic platform driver
[    1.559917] ohci_hcd: USB 1.1 'Open' Host Controller (OHCI) Driver
[    1.562157] ohci-pci: OHCI PCI platform driver
[    1.563974] ohci-platform: OHCI generic platform driver
[    1.565946] uhci_hcd: USB Universal Host Controller Interface driver
[    1.568057] i8042: PNP: PS/2 Controller [PNP0303:PS2K,PNP0f03:PS2M] at 0x60,0x64 irq 1,12
[    1.571369] serio: i8042 KBD port at 0x60,0x64 irq 1
[    1.573366] serio: i8042 AUX port at 0x60,0x64 irq 12
[    1.575288] mousedev: PS/2 mouse device common for all mice
[    1.577975] rtc_cmos rtc_cmos: rtc core: registered rtc_cmos as rtc0
[    1.580122] input: AT Translated Set 2 keyboard as /devices/platform/i8042/serio0/input/input2
[    1.583668] rtc_cmos rtc_cmos: alarms up to one day, 114 bytes nvram
[    1.586081] i2c /dev entries driver
[    1.587474] device-mapper: uevent: version 1.0.3
[    1.589334] device-mapper: ioctl: 4.34.0-ioctl (2015-10-28) initialised: dm-devel@redhat.com
[    1.592613] ledtrig-cpu: registered to indicate activity on CPUs
[    1.595285] NET: Registered protocol family 10
[    1.597343] NET: Registered protocol family 17
[    1.598867] Key type dns_resolver registered
[    1.600982] registered taskstats version 1
[    1.602677] Loading compiled-in X.509 certificates
[    1.605230] Loaded X.509 cert 'Build time autogenerated kernel key: cf00e047681d67edb2720680708b7d9498083038'
[    1.609142] zswap: loaded using pool lzo/zbud
[    1.613029] Key type trusted registered
[    1.618445] Key type encrypted registered
[    1.620184] AppArmor: AppArmor sha1 policy hashing enabled
[    1.621967] ima: No TPM chip found, activating TPM-bypass!
[    1.624140] ima: Allocated hash algorithm: sha1
[    1.625867] evm: HMAC attrs: 0x1
[    1.628025]   Magic number: 6:252:992
[    1.629709] rtc_cmos rtc_cmos: setting system clock to 2022-05-31 14:57:55 UTC (1654009075)
[    1.632831] BIOS EDD facility v0.16 2004-Jun-25, 0 devices found
[    1.634946] EDD information not available.
[    1.705009] Freeing unused kernel memory: 1492K
[    1.707230] Write protecting the kernel read-only data: 14336k
[    1.710324] Freeing unused kernel memory: 1584K
[    1.712644] Freeing unused kernel memory: 52K
Loading, please wait...
starting version 229
[    1.732619] random: systemd-udevd: uninitialized urandom read (16 bytes read, 3 bits of entropy available)
[    1.733189] random: udevadm: uninitialized urandom read (16 bytes read, 3 bits of entropy available)
[    1.733230] random: udevadm: uninitialized urandom read (16 bytes read, 3 bits of entropy available)
[    1.742842] random: systemd-udevd: uninitialized urandom read (16 bytes read, 3 bits of entropy available)
[    1.744746] random: udevadm: uninitialized urandom read (16 bytes read, 3 bits of entropy available)
[    1.744799] random: udevadm: uninitialized urandom read (16 bytes read, 3 bits of entropy available)
[    1.744951] random: udevadm: uninitialized urandom read (16 bytes read, 3 bits of entropy available)
[    1.745012] random: udevadm: uninitialized urandom read (16 bytes read, 3 bits of entropy available)
[    1.745070] random: udevadm: uninitialized urandom read (16 bytes read, 3 bits of entropy available)
[    1.745128] random: udevadm: uninitialized urandom read (16 bytes read, 3 bits of entropy available)
[    1.805919] Fusion MPT base driver 3.04.20
[    1.807972] Copyright (c) 1999-2008 LSI Corporation
[    1.811026] e1000: Intel(R) PRO/1000 Network Driver - version 7.3.21-k8-NAPI
[    1.813939] e1000: Copyright (c) 1999-2006 Intel Corporation.
[    1.823520] Fusion MPT SPI Host driver 3.04.20
[    1.849743] AVX2 version of gcm_enc/dec engaged.
[    1.852223] AES CTR mode by8 optimization enabled
[    2.031951] input: ImExPS/2 Generic Explorer Mouse as /devices/platform/i8042/serio1/input/input4
[    2.274464] e1000 0000:00:03.0 eth0: (PCI:33MHz:32-bit) 02:be:82:6b:cc:1d
[    2.277534] e1000 0000:00:03.0 eth0: Intel(R) PRO/1000 Network Connection
[    2.280958] mptbase: ioc0: Initiating bringup
[    2.446293] ioc0: LSI53C1030 A0: Capabilities={Initiator}
[    3.369983] scsi host2: ioc0: LSI53C1030 A0, FwRev=00000000h, Ports=1, MaxQ=256, IRQ=20
[    3.865408] scsi 2:0:0:0: Direct-Access     VBOX     HARDDISK         1.0  PQ: 0 ANSI: 5
[    3.869521] scsi target2:0:0: Beginning Domain Validation
[    3.873355] scsi target2:0:0: Domain Validation skipping write tests
[    3.875475] scsi target2:0:0: Ending Domain Validation
[    3.877428] scsi target2:0:0: asynchronous
[    3.890734] scsi 2:0:1:0: Direct-Access     VBOX     HARDDISK         1.0  PQ: 0 ANSI: 5
[    3.893798] scsi target2:0:1: Beginning Domain Validation
[    3.896782] scsi target2:0:1: Domain Validation skipping write tests
[    3.898915] scsi target2:0:1: Ending Domain Validation
[    3.911180] scsi target2:0:1: asynchronous
[    3.952390] sd 2:0:0:0: Attached scsi generic sg0 type 0
[    3.954983] sd 2:0:0:0: [sda] 83886080 512-byte logical blocks: (42.9 GB/40.0 GiB)
[    3.965955] sd 2:0:1:0: Attached scsi generic sg1 type 0
[    3.969076] sd 2:0:1:0: [sdb] 20480 512-byte logical blocks: (10.5 MB/10.0 MiB)
[    3.972042] sd 2:0:0:0: [sda] Write Protect is off
[    3.974454] sd 2:0:1:0: [sdb] Write Protect is off
[    3.976530] sd 2:0:0:0: [sda] Incomplete mode parameter data
[    3.978715] sd 2:0:0:0: [sda] Assuming drive cache: write through
[    3.981538] sd 2:0:1:0: [sdb] Incomplete mode parameter data
[    3.984083] sd 2:0:1:0: [sdb] Assuming drive cache: write through
[    3.992338]  sda: sda1
[    3.995593] sd 2:0:0:0: [sda] Attached SCSI disk
[    3.998227] sd 2:0:1:0: [sdb] Attached SCSI disk
[    4.340953] e1000 0000:00:08.0 eth1: (PCI:33MHz:32-bit) 08:00:27:42:37:85
[    4.344047] e1000 0000:00:08.0 eth1: Intel(R) PRO/1000 Network Connection
[    4.348036] e1000 0000:00:08.0 enp0s8: renamed from eth1
[    4.363885] e1000 0000:00:03.0 enp0s3: renamed from eth0
Begin: Loading essential drivers ... [    5.727946] md: linear personality registered for level -1
[    5.733956] md: multipath personality registered for level -4
[    5.740777] md: raid0 personality registered for level 0
[    5.749588] md: raid1 personality registered for level 1
[    5.823268] raid6: sse2x1   gen()  3684 MB/s
[    5.891181] raid6: sse2x1   xor()  5183 MB/s
[    5.959229] raid6: sse2x2   gen() 10463 MB/s
[    6.027260] raid6: sse2x2   xor()  6991 MB/s
[    6.095539] raid6: sse2x4   gen() 12453 MB/s
[    6.163183] raid6: sse2x4   xor()  8661 MB/s
[    6.231228] raid6: avx2x1   gen() 16763 MB/s
[    6.299181] raid6: avx2x2   gen() 19455 MB/s
[    6.367229] raid6: avx2x4   gen() 21885 MB/s
[    6.369004] raid6: using algorithm avx2x4 gen() 21885 MB/s
[    6.371224] raid6: using avx2x2 recovery algorithm
[    6.375433] xor: automatically using best checksumming function:
[    6.415187]    avx       : 25067.000 MB/sec
[    6.418426] async_tx: api initialized (async)
[    6.434294] md: raid6 personality registered for level 6
[    6.436172] md: raid5 personality registered for level 5
[    6.438412] md: raid4 personality registered for level 4
[    6.449571] md: raid10 personality registered for level 10
done.
Begin: Running /scripts/init-premount ... done.
Begin: Mounting root file system ... Begin: Running /scripts/local-top ... done.
Begin: Running /scripts/local-premount ... [    6.489613] Btrfs loaded
Scanning for Btrfs filesystems
done.
Warning: fsck not present, so skipping root file system
[    6.555377] EXT4-fs (sda1): INFO: recovery required on readonly filesystem
[    6.557507] EXT4-fs (sda1): write access will be enabled during recovery
[    7.244050] EXT4-fs (sda1): recovery complete
[    7.246337] EXT4-fs (sda1): mounted filesystem with ordered data mode. Opts: (null)
done.
Begin: Running /scripts/local-bottom ... done.
Begin: Running /scripts/init-bottom ... done.
[    7.467126] systemd[1]: systemd 229 running in system mode. (+PAM +AUDIT +SELINUX +IMA +APPARMOR +SMACK +SYSVINIT +UTMP +LIBCRYPTSETUP +GCRYPT +GNUTLS +ACL +XZ -LZ4 +SECCOMP +BLKID +ELFUTILS +KMOD -IDN)
[    7.473609] systemd[1]: Detected virtualization oracle.
[    7.475827] systemd[1]: Detected architecture x86-64.

Welcome to [1mUbuntu 16.04.7 LTS[0m!

[    7.489209] systemd[1]: Set hostname to <ubuntu-xenial>.
[    7.607669] random: nonblocking pool is initialized
[    7.896118] systemd[1]: Listening on udev Kernel Socket.
[[0;32m  OK  [0m] Listening on udev Kernel Socket.
[    7.900369] systemd[1]: Listening on udev Control Socket.
[[0;32m  OK  [0m] Listening on udev Control Socket.
[    7.904518] systemd[1]: Reached target System Time Synchronized.
[[0;32m  OK  [0m] Reached target System Time Synchronized.
[    7.909412] systemd[1]: Created slice User and Session Slice.
[[0;32m  OK  [0m] Created slice User and Session Slice.
[    7.913608] systemd[1]: Reached target Swap.
[[0;32m  OK  [0m] Reached target Swap.
[    7.916820] systemd[1]: Listening on LVM2 poll daemon socket.
[[0;32m  OK  [0m] Listening on LVM2 poll daemon socket.
[    7.920910] systemd[1]: Listening on fsck to fsckd communication Socket.
[[0;32m  OK  [0m] Listening on fsck to fsckd communication Socket.
[    7.925515] systemd[1]: Reached target User and Group Name Lookups.
[[0;32m  OK  [0m] Reached target User and Group Name Lookups.
[    7.929781] systemd[1]: Listening on LVM2 metadata daemon socket.
[[0;32m  OK  [0m] Listening on LVM2 metadata daemon socket.
[    7.934444] systemd[1]: Created slice System Slice.
[[0;32m  OK  [0m] Created slice System Slice.
[    7.938712] systemd[1]: Created slice system-serial\x2dgetty.slice.
[[0;32m  OK  [0m] Created slice system-serial\x2dgetty.slice.
[    7.943271] systemd[1]: Reached target Slices.
[[0;32m  OK  [0m] Reached target Slices.
[    7.946787] systemd[1]: Listening on Journal Socket (/dev/log).
[[0;32m  OK  [0m] Listening on Journal Socket (/dev/log).
[    7.951331] systemd[1]: Started Forward Password Requests to Wall Directory Watch.
[[0;32m  OK  [0m] Started Forward Password Requests to Wall Directory Watch.
[    7.956638] systemd[1]: Listening on Syslog Socket.
[[0;32m  OK  [0m] Listening on Syslog Socket.
[    7.960707] systemd[1]: Listening on Device-mapper event daemon FIFOs.
[[0;32m  OK  [0m] Listening on Device-mapper event daemon FIFOs.
[    7.965265] systemd[1]: Listening on Journal Socket.
[[0;32m  OK  [0m] Listening on Journal Socket.
[    7.984272] systemd[1]: Starting Set console keymap...
         Starting Set console keymap...
[    7.990523] systemd[1]: Starting Monitoring of LVM2 mirrors, snapshots etc. using dmeventd or progress polling...
         Starting Monitoring of LVM2 mirrors... dmeventd or progress polling...
[    8.008419] systemd[1]: Starting Load Kernel Modules...
         Starting Load Kernel Modules...
[    8.021926] systemd[1]: Mounting Debug File System...
         Mounting Debug File System...
[    8.033104] systemd[1]: Starting Uncomplicated firewall...
         Starting Uncomplicated firewall...
[    8.041307] systemd[1]: Starting Nameserver information manager...
         Starting Nameserver information manager...
[    8.048677] systemd[1]: Starting File System Check on Root Device...
[    8.052781] Loading iSCSI transport class v2.0-870.
         Starting File System Check on Root Device...
[    8.060146] systemd[1]: Mounting POSIX Message Queue File System...
         Mounting POSIX Message Queue File System...
[    8.067662] systemd[1]: Starting Create list of required static device nodes for the current kernel...
         Startin[    8.078219] systemd[1]: Listening on Journal Audit Socket.
g Create list of required st... nodes for the current kernel...[    8.083045] systemd[1]: Starting Journal Service...

[[0;32m  OK  [0m] Listening on Journal Audit Socket.
         Startin[    8.087580] systemd[1]: Listening on /dev/initctl Compatibility Named Pipe.
g Journal Service...
[[0;32m  OK  [0m] Listening on /dev/initctl Compatibility Named Pipe.
[    8.101920] systemd[1]: Mounting Huge Pages File System...
         Mounting Huge Pages File System...
[    8.124133] systemd[1]: Set up automount Arbitrary Executable File Formats File System Automount Point.
[[0;32m  OK  [0m] Set up automount Arbitrary Executab...ats File System Automount Point.
[    8.149223] systemd[1]: Started Trigger resolvconf update for networkd DNS.
[[0;32m  OK  [0m] Started Trigger resolvconf update for networkd DNS.
[    8.168514] iscsi: registered transport (tcp)
[    8.175293] systemd[1]: Reached target Encrypted Volumes.
[[0;32m  OK  [0m] Reached target Encrypted Volumes.
[    8.200361] systemd[1]: Mounted Huge Pages File System.
[[0;32m  OK  [0m] Mounted Huge Pages File System.
[    8.205540] systemd[1]: Mounted POSIX Message Queue File System.
[[0;32m  OK  [0m] Mounted POSIX Message Queue File System.
[    8.212269] systemd[1]: Mounted Debug File System.
[[0;32m  OK  [0m] Mounted Debug File System.
[    8.218332] systemd[1]: Started Journal Service.
[[0;32m  OK  [0m] Started Journal Service.
[[0;32m  OK  [0m] Started Set console keymap.
[[0;32m  OK  [0m] Started Uncomplicated firewall.
[[0;32m  OK  [0m] Started File System Check on Root Device.
[[0;32m  OK  [0m] Started Create list of required sta...ce nodes for the current kernel.
[[0;32m  OK  [0m] Started Nameserver information manager.
[[0;32m  OK  [0m] Started LVM2 metadata daemon.
[    8.262928] iscsi: registered transport (iser)
[[0;32m  OK  [0m] Started File System Check Daemon to report status.
         Starting Create Static Device Nodes in /dev...
         Starting Remount Root and Kernel File Systems...
[[0;32m  OK  [0m] Started Load Kernel Modules.
         Starting Apply Kernel Variables...
         Mounting FUSE Control File System...
[[0;32m  OK  [0m] Mounted FUSE Control File System.
[    8.298267] EXT4-fs (sda1): re-mounted. Opts: (null)
[[0;32m  OK  [0m] Started Remount Root and Kernel File Systems.
         Starting udev Coldplug all Devices...
         Starting Load/Save Random Seed...
         Starting Flush Journal to Persistent Storage...
[[0;32m  OK  [0m] Started Apply Kernel Variables.
[[0;32m  OK  [0m] Started Load/Save Random Seed.
[[0;32m  OK  [0m] Started Create Static Device Nodes in /dev.
         Starting udev Kernel Device Manager...
[[0;32m  OK  [0m] Started Monitoring of LVM2 mirrors,...ng dmeventd or progress polling.
[[0;32m  OK  [0m] Reached target Local File Systems (Pre).
[[0;32m  OK  [0m] Reached target Local File Systems.
         Starting Initial cloud-init job (pre-networking)...
         Starting Tell Plymouth To Write Out Runtime Data...
         Starting Set console font and keymap...
         Starting LSB: AppArmor initialization...
[[0;32m  OK  [0m] Started Flush Journal to Persistent Storage.
         Starting Create Volatile Files and Directories...
[[0;32m  OK  [0m] Started Tell Plymouth To Write Out Runtime Data.
[[0;32m  OK  [0m] Started Create Volatile Files and Directories.
         Starting Update UTMP about System Boot/Shutdown...
[[0;32m  OK  [0m] Started Update UTMP about System Boot/Shutdown.
[[0;32m  OK  [0m] Started udev Coldplug all Devices.
[[0;32m  OK  [0m] Started udev Kernel Device Manager.
[[0;32m  OK  [0m] Started Dispatch Password Requests to Console Directory Watch.
[[0;32m  OK  [0m] Started LSB: AppArmor initialization.
         Starting Load AppArmor profiles managed internally by snapd...
[[0;32m  OK  [0m] Started Load AppArmor profiles managed internally by snapd.
[[0;32m  OK  [0m] Found device /dev/ttyS0.
[[0;32m  OK  [0m] Listening on Load/Save RF Kill Switch Status /dev/rfkill Watch.
[[0;32m  OK  [0m] Found device 82540EM Gigabit Ethern...r (PRO/1000 MT Desktop Adapter).
[[0;32m  OK  [0m] Found device 82540EM Gigabit Ethern...r (PRO/1000 MT Desktop Adapter).
[[0;32m  OK  [0m] Started Set console font and keymap.
[[0;32m  OK  [0m] Created slice system-getty.slice.
[    9.932709] cloud-init[472]: Cloud-init v. 21.1-19-gbad84ad4-0ubuntu1~16.04.2 running 'init-local' at Tue, 31 May 2022 14:58:03 +0000. Up 9.39 seconds.
[[0;32m  OK  [0m] Started Initial cloud-init job (pre-networking).
[[0;32m  OK  [0m] Reached target Network (Pre).
[[0;32m  OK  [0m] Started ifup for enp0s3.
[[0;32m  OK  [0m] Started ifup for enp0s8.
         Starting Raise network interfaces...
[[0;32m  OK  [0m] Started Raise network interfaces.
[[0;32m  OK  [0m] Reached target Network.
         Starting Initial cloud-init job (metadata service crawler)...
[   10.892118] cloud-init[1085]: Cloud-init v. 21.1-19-gbad84ad4-0ubuntu1~16.04.2 running 'init' at Tue, 31 May 2022 14:58:04 +0000. Up 10.55 seconds.
[   10.896083] cloud-init[1085]: ci-info: ++++++++++++++++++++++++++++++++++++++Net device info+++++++++++++++++++++++++++++++++++++++
[   10.900494] cloud-init[1085]: ci-info: +--------+------+-----------------------------+---------------+--------+-------------------+
[   10.905044] cloud-init[1085]: ci-info: | Device |  Up  |           Address           |      Mask     | Scope  |     Hw-Address    |
[   10.909038] cloud-init[1085]: ci-info: +--------+------+-----------------------------+---------------+--------+-------------------+
[   10.912958] cloud-init[1085]: ci-info: | enp0s3 | True |          10.0.2.15          | 255.255.255.0 | global | 02:be:82:6b:cc:1d |
[   10.918134] cloud-init[1085]: ci-info: | enp0s3 | True |  fe80::be:82ff:fe6b:cc1d/64 |       .       |  link  | 02:be:82:6b:cc:1d |
[   10.922594] cloud-init[1085]: ci-info: | enp0s8 | True |        192.168.10.10        | 255.255.255.0 | global | 08:00:27:42:37:85 |
[   10.926963] cloud-init[1085]: ci-info: | enp0s8 | True | fe80::a00:27ff:fe42:3785/64 |       .       |  link  | 08:00:27:42:37:85 |
[   10.930933] cloud-init[1085]: ci-info: |   lo   | True |          127.0.0.1          |   255.0.0.0   |  host  |         .         |
[   10.936152] cloud-init[1085]: ci-info: |   lo   | True |           ::1/128           |       .       |  host  |         .         |
[   10.940466] cloud-init[1085]: ci-info: +--------+------+-----------------------------+---------------+--------+-------------------+
[   10.945630] cloud-init[1085]: ci-info: ++++++++++++++++++++++++++++Route IPv4 info++++++++++++++++++++++++++++
[   10.950217] cloud-init[1085]: ci-info: +-------+--------------+----------+---------------+-----------+-------+
[   10.956564] cloud-init[1085]: ci-info: | Route | Destination  | Gateway  |    Genmask    | Interface | Flags |
[   10.956831] cloud-init[1085]: ci-info: +-------+--------------+----------+---------------+-----------+-------+
[   10.958753] cloud-init[1085]: ci-info: |   0   |   0.0.0.0    | 10.0.2.2 |    0.0.0.0    |   enp0s3  |   UG  |
[   10.962972] cloud-init[1085]: ci-info: |   1   |   10.0.2.0   | 0.0.0.0  | 255.255.255.0 |   enp0s3  |   U   |
[   10.966617] cloud-init[1085]: ci-info: |   2   | 192.168.10.0 | 0.0.0.0  | 255.255.255.0 |   enp0s8  |   U   |
[   10.967607] cloud-init[1085]: ci-info: +-------+--------------+----------+---------------+-----------+-------+
[   10.972206] cloud-init[1085]: ci-info: +++++++++++++++++++Route IPv6 info+++++++++++++++++++
[   10.974066] cloud-init[1085]: ci-info: +-------+-------------+---------+-----------+-------+
[   10.976104] cloud-init[1085]: ci-info: | Route | Destination | Gateway | Interface | Flags |
[   10.982158] cloud-init[1085]: ci-info: +-------+-------------+---------+-----------+-------+
[   10.983838] cloud-init[1085]: ci-info: |   0   |  fe80::/64  |    ::   |   enp0s8  |   U   |
[   10.985666] cloud-init[1085]: ci-info: |   1   |  fe80::/64  |    ::   |   enp0s3  |   U   |
[   10.989218] cloud-init[1085]: ci-info: |   4   |   ff00::/8  |    ::   |   enp0s8  |   U   |
[   10.991907] cloud-init[1085]: ci-info: |   5   |   ff00::/8  |    ::   |   enp0s3  |   U   |
[   10.994158] cloud-init[1085]: ci-info: +-------+-------------+---------+-----------+-------+
[[0;32m  OK  [0m] Started Initial cloud-init job (metadata service crawler).
[[0;32m  OK  [0m] Reached target System Initialization.
[[0;32m  OK  [0m] Started Daily apt download activities.
[[0;32m  OK  [0m] Listening on ACPID Listen Socket.
[[0;32m  OK  [0m] Listening on D-Bus System Message Bus Socket.
[[0;32m  OK  [0m] Listening on UUID daemon activation socket.
[[0;32m  OK  [0m] Started Daily Cleanup of Temporary Directories.
         Starting LXD - unix socket.
         Starting Socket activation for snappy daemon.
[[0;32m  OK  [0m] Started Trigger to poll for Ubuntu ...nly enabled on GCP LTS non-pro).
[[0;32m  OK  [0m] Started Message of the Day.
[[0;32m  OK  [0m] Started Ubuntu Advantage Timer for running repeated jobs.
[[0;32m  OK  [0m] Started ACPI Events Check.
[[0;32m  OK  [0m] Reached target Paths.
[[0;32m  OK  [0m] Started Daily apt upgrade and clean activities.
[[0;32m  OK  [0m] Reached target Timers.
[[0;32m  OK  [0m] Reached target Cloud-config availability.
[[0;32m  OK  [0m] Reached target Network is Online.
         Starting iSCSI initiator daemon (iscsid)...
[[0;32m  OK  [0m] Listening on LXD - unix socket.
[[0;32m  OK  [0m] Listening on Socket activation for snappy daemon.
[[0;32m  OK  [0m] Reached target Sockets.
[[0;32m  OK  [0m] Reached target Basic System.
         Starting LSB: Record successful boot for GRUB...
         Starting LXD - container startup/shutdown...
[[0;32m  OK  [0m] Started Regular background program processing daemon.
         Starting Virtualbox guest utils...
         Starting Snap Daemon...
         Starting Accounts Service...
         Starting /etc/rc.local Compatibility...
[[0;32m  OK  [0m] Started ACPI event daemon.
         Starting OpenBSD Secure Shell server...
[[0;32m  OK  [0m] Started FUSE filesystem for LXC.
         Starting System Logging Service...
[[0;32m  OK  [0m] Started D-Bus System Message Bus.
         Starting LSB: MD monitoring daemon...
[[0;32m  OK  [0m] Started Deferred execution scheduler.
         Starting Login Service...
         Starting A high performance web server and a reverse proxy server...
[[0;32m  OK  [0m] Started System Logging Service.
[[0;32m  OK  [0m] Started iSCSI initiator daemon (iscsid).
[[0;32m  OK  [0m] Started /etc/rc.local Compatibility.
[[0;32m  OK  [0m] Started Login Service.
[[0;32m  OK  [0m] Started Unattended Upgrades Shutdown.
         Starting Authenticate and Authorize Users to Run Privileged Tasks...
         Starting Login to default iSCSI targets...
[[0;32m  OK  [0m] Started OpenBSD Secure Shell server.
[[0;32m  OK  [0m] Started LSB: Record successful boot for GRUB.
[[0;32m  OK  [0m] Started LSB: MD monitoring daemon.
[[0;32m  OK  [0m] Started Authenticate and Authorize Users to Run Privileged Tasks.
[[0;32m  OK  [0m] Started Login to default iSCSI targets.
[[0;32m  OK  [0m] Reached target Remote File Systems (Pre).
         Mounting /home/newvagrant...
[[0;32m  OK  [0m] Started LXD - container startup/shutdown.
[[0;32m  OK  [0m] Started Accounts Service.
[   12.151797] BUG: unable to handle kernel NULL pointer dereference at 0000000000000004
[   12.155790] IP: [<ffffffffc0388806>] vbglDriverIOCtl+0x6/0x20 [vboxsf]
[   12.158712] PGD 800000003b184067 PUD 3694d067 PMD 0 
[   12.161249] Oops: 0000 [#1] SMP 
[   12.164481] Modules linked in: vboxsf(+) isofs crct10dif_pclmul crc32_pclmul input_leds ghash_clmulni_intel serio_raw vboxguest video ib_iser rdma_cm iw_cm ib_cm ib_sa ib_mad ib_core ib_addr iscsi_tcp libiscsi_tcp libiscsi scsi_transport_iscsi autofs4 btrfs raid10 raid456 async_raid6_recov async_memcpy async_pq async_xor async_tx xor raid6_pq libcrc32c raid1 raid0 multipath linear aesni_intel aes_x86_64 glue_helper lrw gf128mul ablk_helper cryptd mptspi scsi_transport_spi psmouse mptscsih e1000 mptbase
[   12.185114] CPU: 0 PID: 1254 Comm: mount.vboxsf Not tainted 4.4.0-210-generic #242-Ubuntu
[   12.188881] Hardware name: innotek GmbH VirtualBox/VirtualBox, BIOS VirtualBox 12/01/2006
[   12.191783] task: ffff88003c2cb900 ti: ffff88003c100000 task.ti: ffff88003c100000
[   12.195101] RIP: 0010:[<ffffffffc0388806>]  [<ffffffffc0388806>] vbglDriverIOCtl+0x6/0x20 [vboxsf]
[   12.198505] RSP: 0018:ffff88003c103be8  EFLAGS: 00010282
[   12.200687] RAX: 0000000000000050 RBX: 0000000000000050 RCX: 0000000000000050
[   12.203072] RDX: ffff88003c103c60 RSI: 00000000c0505692 RDI: 0000000000000004
[   12.205768] RBP: ffff88003c103c10 R08: ffff88003fc19460 R09: ffff88003e001c00
[   12.208273] R10: ffff88003b2bb800 R11: 0000000000005b8d R12: 0000000000000000
[   12.210707] R13: ffff88003c103c60 R14: ffff88003c1fb000 R15: ffff88003b2bb800
[   12.213328] FS:  00007f1e5628e700(0000) GS:ffff88003fc00000(0000) knlGS:0000000000000000
[   12.216412] CS:  0010 DS: 0000 ES: 0000 CR0: 0000000080050033
[   12.218539] CR2: 0000000000000004 CR3: 000000003b34e000 CR4: 0000000000060670
[   12.221004] DR0: 0000000000000000 DR1: 0000000000000000 DR2: 0000000000000000
[   12.223496] DR3: 0000000000000000 DR6: 00000000fffe0ff0 DR7: 0000000000000400
[   12.226155] Stack:
[   12.226979]  ffff88003c103c10 ffffffffc0389563 ffff88003b2bb800 ffff88003c36b800
[   12.229768]  ffffffffc038db80 ffff88003c103cd8 ffffffffc0389a2c ffff88003c103ca0
[   12.232891]  ffffffff8140d03c ffff88003c103cb4 ffffffff821c5598 ffff88003e134a08
[   12.236023] Call Trace:
[   12.237068]  [<ffffffffc0389563>] ? VbglHGCMCall+0x43/0x90 [vboxsf]
[   12.239295]  [<ffffffffc0389a2c>] VbglR0SfMapFolder+0xbc/0x190 [vboxsf]
[   12.242145]  [<ffffffff8140d03c>] ? ida_get_new_above+0x1ec/0x210
[   12.244709]  [<ffffffff811fbb7b>] ? __kmalloc+0x1bb/0x250
[   12.246638]  [<ffffffffc0385355>] ? sf_read_super_26+0x175/0x5c0 [vboxsf]
[   12.249158]  [<ffffffffc03853c5>] sf_read_super_26+0x1e5/0x5c0 [vboxsf]
[   12.251702]  [<ffffffff8121eed0>] ? get_anon_bdev+0x110/0x110
[   12.253817]  [<ffffffff8121fd6d>] ? sget+0x7d/0xa0
[   12.255485]  [<ffffffffc03851e0>] ? sf_evict_inode+0x60/0x60 [vboxsf]
[   12.257978]  [<ffffffff8121fddf>] mount_nodev+0x4f/0xa0
[   12.260070]  [<ffffffffc0385018>] sf_mount+0x18/0x20 [vboxsf]
[   12.262089]  [<ffffffff81220a8d>] mount_fs+0x3d/0x170
[   12.264433]  [<ffffffff8123d7a7>] vfs_kern_mount+0x67/0x110
[   12.266341]  [<ffffffff8123feaf>] do_mount+0x25f/0xda0
[   12.268491]  [<ffffffff81240d2f>] SyS_mount+0x9f/0x100
[   12.270573]  [<ffffffff8186bb5b>] entry_SYSCALL_64_fastpath+0x22/0xd0
[   12.273420] Code: 33 0c 25 28 00 00 00 75 0e 48 83 c4 10 5b 5d c3 b8 9a ff ff ff eb e3 e8 c9 ca cf c0 66 0f 1f 84 00 00 00 00 00 0f 1f 44 00 00 55 <48> 8b 3f 89 c9 45 31 c0 48 89 e5 e8 0a 5a fa ff 5d c3 0f 1f 84 
[   12.285376] RIP  [<ffffffffc0388806>] vbglDriverIOCtl+0x6/0x20 [vboxsf]
[   12.288126]  RSP <ffff88003c103be8>
[   12.289326] CR2: 0000000000000004
[   12.290805] ---[ end trace bfbd92ac1b7efef9 ]---
[   12.291306] vboxsf: Successfully loaded version 5.0.18_Ubuntu (interface 0x00010004)
[[0;1;31mFAILED[0m] Failed to mount /home/newvagrant.
See 'systemctl status home-newvagrant.mount' for details.
[[0;1;33mDEPEND[0m] Dependency failed for Remote File Systems.
[   12.326544] VBoxService 5.1.38_Ubuntu r122592 (verbosity: 0) linux.amd64 (Feb 28 2019 11:52:28) release log
[   12.326544] 00:00:00.000096 main     Log opened 2022-05-31T14:58:06.196799000Z
         Starting Permit User Sessions...[   12.334833] 00:00:00.008385 main     OS Product: Linux

[   12.344696] 00:00:00.018081 main     OS Release: 4.4.0-210-generic
         Starting LSB: daemon to balance interrupts for SMP systems...[   12.349684] 00:00:00.023229 main     OS Version: #242-Ubuntu SMP Fri Apr 16 09:57:56 UTC 2021

[   12.361558] 00:00:00.035058 main     Executable: /usr/sbin/VBoxService
[   12.361558] 00:00:00.035062 main     Process ID: 1257
[   12.361558] 00:00:00.035062 main     Package type: LINUX_64BITS_GENERIC (OSE)
         Starting LSB: Set the CPU Frequency Scaling governor to "ondemand"...
[   12.391194] 00:00:00.064738 main     5.1.38_Ubuntu r122592 started. Verbose level = 0
         Starting LSB: automatic crash report generation...
[[0;32m  OK  [0m] Started Virtualbox guest utils.
[[0;32m  OK  [0m] Started Permit User Sessions.
         Starting Hold until boot process finishes up...
         Starting Terminate Plymouth Boot Screen...
[[0;32m  OK  [0m] Started LSB: Set the CPU Frequency Scaling governor to "ondemand".
[[0;32m  OK  [0m] Started Hold until boot process finishes up.
[[0;32m  OK  [0m] Started Terminate Plymouth Boot Screen.
[[0;32m  OK  [0m] Started Serial Getty on ttyS0.
         Starting Set console scheme...
[[0;32m  OK  [0m] Started Getty on tty1.
[[0;32m  OK  [0m] Reached target Login Prompts.
[[0;32m  OK  [0m] Started LSB: daemon to balance interrupts for SMP systems.
[[0;32m  OK  [0m] Started A high performance web server and a reverse proxy server.
[[0;32m  OK  [0m] Started Set console scheme.
[[0;32m  OK  [0m] Started LSB: automatic crash report generation.
[[0;32m  OK  [0m] Started Snap Daemon.
         Starting Wait until snapd is fully seeded...
[[0;32m  OK  [0m] Started Wait until snapd is fully seeded.
         Starting Apply the settings specified in cloud-config...
[[0;32m  OK  [0m] Reached target Multi-User System.
[[0;32m  OK  [0m] Reached target Graphical Interface.
         Starting Update UTMP about System Runlevel Changes...
[[0;32m  OK  [0m] Started Update UTMP about System Runlevel Changes.
[   12.706879] cloud-init[1356]: Cloud-init v. 21.1-19-gbad84ad4-0ubuntu1~16.04.2 running 'modules:config' at Tue, 31 May 2022 14:58:06 +0000. Up 12.55 seconds.
[[0;32m  OK  [0m] Started Apply the settings specified in cloud-config.
         Starting Execute cloud user/final scripts...
[   13.211124] cloud-init[1372]: Cloud-init v. 21.1-19-gbad84ad4-0ubuntu1~16.04.2 running 'modules:final' at Tue, 31 May 2022 14:58:07 +0000. Up 13.06 seconds.
[   13.217582] cloud-init[1372]: Cloud-init v. 21.1-19-gbad84ad4-0ubuntu1~16.04.2 finished at Tue, 31 May 2022 14:58:07 +0000. Datasource DataSourceNoCloud [seed=/dev/sdb][dsmode=net].  Up 13.20 seconds
[[0;32m  OK  [0m] Started Execute cloud user/final scripts.
[[0;32m  OK  [0m] Reached target Cloud-init target.

Ubuntu 16.04.7 LTS ubuntu-xenial ttyS0

ubuntu-xenial login: [   19.763677] IPv6: ADDRCONF(NETDEV_UP): enp0s8: link is not ready
[   21.768364] e1000: enp0s8 NIC Link is Up 1000 Mbps Full Duplex, Flow Control: RX
[   21.772213] IPv6: ADDRCONF(NETDEV_CHANGE): enp0s8: link becomes ready
